{"/Users/seonginch/Desktop/dashboard/react-file-folder/packages/react-toggle-file-tree/src/utils/createFileTree.ts": {"path":"/Users/seonginch/Desktop/dashboard/react-file-folder/packages/react-toggle-file-tree/src/utils/createFileTree.ts","statementMap":{"0":{"start":{"line":15,"column":38},"end":{"line":15,"column":51}},"1":{"start":{"line":16,"column":2},"end":{"line":26,"column":3}},"2":{"start":{"line":17,"column":26},"end":{"line":17,"column":67}},"3":{"start":{"line":18,"column":18},"end":{"line":18,"column":34}},"4":{"start":{"line":19,"column":4},"end":{"line":24,"column":5}},"5":{"start":{"line":20,"column":6},"end":{"line":22,"column":7}},"6":{"start":{"line":21,"column":8},"end":{"line":21,"column":38}},"7":{"start":{"line":23,"column":6},"end":{"line":23,"column":43}},"8":{"start":{"line":25,"column":4},"end":{"line":25,"column":29}},"9":{"start":{"line":27,"column":2},"end":{"line":27,"column":26}},"10":{"start":{"line":45,"column":2},"end":{"line":51,"column":5}},"11":{"start":{"line":46,"column":4},"end":{"line":50,"column":6}}},"fnMap":{"0":{"name":"createFileTree","decl":{"start":{"line":14,"column":24},"end":{"line":14,"column":38}},"loc":{"start":{"line":14,"column":64},"end":{"line":28,"column":1}},"line":14},"1":{"name":"updateFileList","decl":{"start":{"line":40,"column":16},"end":{"line":40,"column":30}},"loc":{"start":{"line":44,"column":24},"end":{"line":52,"column":1}},"line":44},"2":{"name":"(anonymous_2)","decl":{"start":{"line":45,"column":18},"end":{"line":45,"column":19}},"loc":{"start":{"line":45,"column":28},"end":{"line":51,"column":3}},"line":45}},"branchMap":{"0":{"loc":{"start":{"line":20,"column":6},"end":{"line":22,"column":7}},"type":"if","locations":[{"start":{"line":20,"column":6},"end":{"line":22,"column":7}},{"start":{},"end":{}}],"line":20}},"s":{"0":1,"1":1,"2":4,"3":4,"4":4,"5":8,"6":7,"7":8,"8":4,"9":1,"10":1,"11":3},"f":{"0":1,"1":1,"2":3},"b":{"0":[7,1]},"_coverageSchema":"1a1c01bbd47fc00a2c39e90264f33305004495a9","hash":"2d545b06cb22eb7f061d1e51f5856ac9e34308c8"}
}
