{"/Users/seonginch/Desktop/dashboard/react-file-folder/packages/react-toggle-file-tree/src/index.ts": {"path":"/Users/seonginch/Desktop/dashboard/react-file-folder/packages/react-toggle-file-tree/src/index.ts","statementMap":{},"fnMap":{},"branchMap":{},"s":{},"f":{},"b":{},"_coverageSchema":"1a1c01bbd47fc00a2c39e90264f33305004495a9","hash":"a78080f426cf10f8975af8f94c0588f72a2405e1"}
,"/Users/seonginch/Desktop/dashboard/react-file-folder/packages/react-toggle-file-tree/src/__test__/mock/index.ts": {"path":"/Users/seonginch/Desktop/dashboard/react-file-folder/packages/react-toggle-file-tree/src/__test__/mock/index.ts","statementMap":{"0":{"start":{"line":1,"column":25},"end":{"line":75,"column":1}}},"fnMap":{},"branchMap":{},"s":{"0":1},"f":{},"b":{},"_coverageSchema":"1a1c01bbd47fc00a2c39e90264f33305004495a9","hash":"26bf4e708f7a62c0a9e98608af2417f43c3c55e6"}
,"/Users/seonginch/Desktop/dashboard/react-file-folder/packages/react-toggle-file-tree/src/toggle-file-tree/index.css.ts": {"path":"/Users/seonginch/Desktop/dashboard/react-file-folder/packages/react-toggle-file-tree/src/toggle-file-tree/index.css.ts","statementMap":{"0":{"start":{"line":3,"column":18},"end":{"line":8,"column":1}},"1":{"start":{"line":9,"column":23},"end":{"line":12,"column":1}},"2":{"start":{"line":13,"column":26},"end":{"line":25,"column":1}},"3":{"start":{"line":26,"column":17},"end":{"line":50,"column":1}},"4":{"start":{"line":51,"column":22},"end":{"line":56,"column":1}},"5":{"start":{"line":57,"column":13},"end":{"line":66,"column":1}},"6":{"start":{"line":67,"column":15},"end":{"line":75,"column":1}}},"fnMap":{},"branchMap":{},"s":{"0":1,"1":1,"2":1,"3":1,"4":1,"5":1,"6":1},"f":{},"b":{},"_coverageSchema":"1a1c01bbd47fc00a2c39e90264f33305004495a9","hash":"99b068e8862213f24ff31632b77822c6259ab129"}
,"/Users/seonginch/Desktop/dashboard/react-file-folder/packages/react-toggle-file-tree/src/toggle-file-tree/index.tsx": {"path":"/Users/seonginch/Desktop/dashboard/react-file-folder/packages/react-toggle-file-tree/src/toggle-file-tree/index.tsx","statementMap":{"0":{"start":{"line":20,"column":24},"end":{"line":20,"column":72}},"1":{"start":{"line":21,"column":2},"end":{"line":23,"column":39}},"2":{"start":{"line":31,"column":2},"end":{"line":87,"column":5}},"3":{"start":{"line":32,"column":18},"end":{"line":32,"column":28}},"4":{"start":{"line":33,"column":4},"end":{"line":86,"column":5}},"5":{"start":{"line":34,"column":20},"end":{"line":34,"column":25}},"6":{"start":{"line":35,"column":6},"end":{"line":60,"column":8}},"7":{"start":{"line":38,"column":12},"end":{"line":57,"column":14}},"8":{"start":{"line":47,"column":36},"end":{"line":47,"column":57}},"9":{"start":{"line":62,"column":6},"end":{"line":85,"column":8}},"10":{"start":{"line":73,"column":32},"end":{"line":73,"column":75}},"11":{"start":{"line":96,"column":23},"end":{"line":106,"column":1}},"12":{"start":{"line":101,"column":2},"end":{"line":105,"column":4}},"13":{"start":{"line":109,"column":0},"end":{"line":109,"column":46}}},"fnMap":{"0":{"name":"renderIcon","decl":{"start":{"line":19,"column":9},"end":{"line":19,"column":19}},"loc":{"start":{"line":19,"column":39},"end":{"line":24,"column":1}},"line":19},"1":{"name":"renderFileList","decl":{"start":{"line":26,"column":9},"end":{"line":26,"column":23}},"loc":{"start":{"line":30,"column":2},"end":{"line":88,"column":1}},"line":30},"2":{"name":"(anonymous_2)","decl":{"start":{"line":31,"column":32},"end":{"line":31,"column":33}},"loc":{"start":{"line":31,"column":48},"end":{"line":87,"column":3}},"line":31},"3":{"name":"(anonymous_3)","decl":{"start":{"line":37,"column":21},"end":{"line":37,"column":22}},"loc":{"start":{"line":37,"column":31},"end":{"line":58,"column":11}},"line":37},"4":{"name":"(anonymous_4)","decl":{"start":{"line":47,"column":30},"end":{"line":47,"column":31}},"loc":{"start":{"line":47,"column":36},"end":{"line":47,"column":57}},"line":47},"5":{"name":"(anonymous_5)","decl":{"start":{"line":73,"column":26},"end":{"line":73,"column":27}},"loc":{"start":{"line":73,"column":32},"end":{"line":73,"column":75}},"line":73},"6":{"name":"(anonymous_6)","decl":{"start":{"line":96,"column":23},"end":{"line":96,"column":24}},"loc":{"start":{"line":100,"column":17},"end":{"line":106,"column":1}},"line":100}},"branchMap":{"0":{"loc":{"start":{"line":21,"column":9},"end":{"line":23,"column":38}},"type":"cond-expr","locations":[{"start":{"line":22,"column":6},"end":{"line":22,"column":45}},{"start":{"line":23,"column":6},"end":{"line":23,"column":38}}],"line":21},"1":{"loc":{"start":{"line":33,"column":4},"end":{"line":86,"column":5}},"type":"if","locations":[{"start":{"line":33,"column":4},"end":{"line":86,"column":5}},{"start":{"line":61,"column":11},"end":{"line":86,"column":5}}],"line":33},"2":{"loc":{"start":{"line":49,"column":21},"end":{"line":53,"column":21}},"type":"binary-expr","locations":[{"start":{"line":49,"column":21},"end":{"line":49,"column":40}},{"start":{"line":50,"column":22},"end":{"line":52,"column":31}}],"line":49}},"s":{"0":18,"1":18,"2":16,"3":30,"4":30,"5":16,"6":16,"7":18,"8":0,"9":14,"10":0,"11":1,"12":2,"13":1},"f":{"0":18,"1":16,"2":30,"3":18,"4":0,"5":0,"6":2},"b":{"0":[18,0],"1":[16,14],"2":[18,0]},"_coverageSchema":"1a1c01bbd47fc00a2c39e90264f33305004495a9","hash":"043e9bcad55170033b595651c9ae0613889faa4d"}
,"/Users/seonginch/Desktop/dashboard/react-file-folder/packages/react-toggle-file-tree/src/toggle-file-tree/icons/arrow-down.tsx": {"path":"/Users/seonginch/Desktop/dashboard/react-file-folder/packages/react-toggle-file-tree/src/toggle-file-tree/icons/arrow-down.tsx","statementMap":{"0":{"start":{"line":9,"column":2},"end":{"line":9,"column":45}},"1":{"start":{"line":12,"column":0},"end":{"line":12,"column":36}}},"fnMap":{"0":{"name":"ArrowDown","decl":{"start":{"line":8,"column":24},"end":{"line":8,"column":33}},"loc":{"start":{"line":8,"column":49},"end":{"line":10,"column":1}},"line":8}},"branchMap":{},"s":{"0":14,"1":1},"f":{"0":14},"b":{},"_coverageSchema":"1a1c01bbd47fc00a2c39e90264f33305004495a9","hash":"1fe4323fdb5e266bf2b796658273a3673040044a"}
,"/Users/seonginch/Desktop/dashboard/react-file-folder/packages/react-toggle-file-tree/src/toggle-file-tree/icons/arrow-right.tsx": {"path":"/Users/seonginch/Desktop/dashboard/react-file-folder/packages/react-toggle-file-tree/src/toggle-file-tree/icons/arrow-right.tsx","statementMap":{"0":{"start":{"line":9,"column":2},"end":{"line":9,"column":47}},"1":{"start":{"line":12,"column":0},"end":{"line":12,"column":38}}},"fnMap":{"0":{"name":"ArrowRight","decl":{"start":{"line":8,"column":24},"end":{"line":8,"column":34}},"loc":{"start":{"line":8,"column":50},"end":{"line":10,"column":1}},"line":8}},"branchMap":{},"s":{"0":14,"1":1},"f":{"0":14},"b":{},"_coverageSchema":"1a1c01bbd47fc00a2c39e90264f33305004495a9","hash":"9f62938f9b42c2484e6d2a6c620809ddecc4efb7"}
,"/Users/seonginch/Desktop/dashboard/react-file-folder/packages/react-toggle-file-tree/src/toggle-file-tree/icons/css.tsx": {"path":"/Users/seonginch/Desktop/dashboard/react-file-folder/packages/react-toggle-file-tree/src/toggle-file-tree/icons/css.tsx","statementMap":{"0":{"start":{"line":4,"column":2},"end":{"line":201,"column":4}}},"fnMap":{"0":{"name":"CSS","decl":{"start":{"line":3,"column":9},"end":{"line":3,"column":12}},"loc":{"start":{"line":3,"column":15},"end":{"line":202,"column":1}},"line":3}},"branchMap":{},"s":{"0":0},"f":{"0":0},"b":{},"_coverageSchema":"1a1c01bbd47fc00a2c39e90264f33305004495a9","hash":"9a9e1c76ed21270f876ab3d102f3fe79e0e52b4f"}
,"/Users/seonginch/Desktop/dashboard/react-file-folder/packages/react-toggle-file-tree/src/toggle-file-tree/icons/csv.tsx": {"path":"/Users/seonginch/Desktop/dashboard/react-file-folder/packages/react-toggle-file-tree/src/toggle-file-tree/icons/csv.tsx","statementMap":{"0":{"start":{"line":4,"column":2},"end":{"line":171,"column":4}}},"fnMap":{"0":{"name":"CSV","decl":{"start":{"line":3,"column":9},"end":{"line":3,"column":12}},"loc":{"start":{"line":3,"column":15},"end":{"line":172,"column":1}},"line":3}},"branchMap":{},"s":{"0":2},"f":{"0":2},"b":{},"_coverageSchema":"1a1c01bbd47fc00a2c39e90264f33305004495a9","hash":"b6576c5866a837dd4153199cf704109d333bb95a"}
,"/Users/seonginch/Desktop/dashboard/react-file-folder/packages/react-toggle-file-tree/src/toggle-file-tree/icons/docs.tsx": {"path":"/Users/seonginch/Desktop/dashboard/react-file-folder/packages/react-toggle-file-tree/src/toggle-file-tree/icons/docs.tsx","statementMap":{"0":{"start":{"line":4,"column":2},"end":{"line":162,"column":4}}},"fnMap":{"0":{"name":"DOCS","decl":{"start":{"line":3,"column":9},"end":{"line":3,"column":13}},"loc":{"start":{"line":3,"column":16},"end":{"line":163,"column":1}},"line":3}},"branchMap":{},"s":{"0":2},"f":{"0":2},"b":{},"_coverageSchema":"1a1c01bbd47fc00a2c39e90264f33305004495a9","hash":"4cb68d50d24b8e447bd2380cb36eb9b53eae5ff2"}
,"/Users/seonginch/Desktop/dashboard/react-file-folder/packages/react-toggle-file-tree/src/toggle-file-tree/icons/gif.tsx": {"path":"/Users/seonginch/Desktop/dashboard/react-file-folder/packages/react-toggle-file-tree/src/toggle-file-tree/icons/gif.tsx","statementMap":{"0":{"start":{"line":4,"column":2},"end":{"line":173,"column":4}}},"fnMap":{"0":{"name":"GIF","decl":{"start":{"line":3,"column":9},"end":{"line":3,"column":12}},"loc":{"start":{"line":3,"column":15},"end":{"line":174,"column":1}},"line":3}},"branchMap":{},"s":{"0":0},"f":{"0":0},"b":{},"_coverageSchema":"1a1c01bbd47fc00a2c39e90264f33305004495a9","hash":"7eca05cf84059ed8c5d60b14327002da7fc7c422"}
,"/Users/seonginch/Desktop/dashboard/react-file-folder/packages/react-toggle-file-tree/src/toggle-file-tree/icons/html.tsx": {"path":"/Users/seonginch/Desktop/dashboard/react-file-folder/packages/react-toggle-file-tree/src/toggle-file-tree/icons/html.tsx","statementMap":{"0":{"start":{"line":4,"column":2},"end":{"line":203,"column":4}}},"fnMap":{"0":{"name":"HTML","decl":{"start":{"line":3,"column":9},"end":{"line":3,"column":13}},"loc":{"start":{"line":3,"column":16},"end":{"line":204,"column":1}},"line":3}},"branchMap":{},"s":{"0":0},"f":{"0":0},"b":{},"_coverageSchema":"1a1c01bbd47fc00a2c39e90264f33305004495a9","hash":"fd4f3b2d329220af89aed07ad2f7b81b044f26b1"}
,"/Users/seonginch/Desktop/dashboard/react-file-folder/packages/react-toggle-file-tree/src/toggle-file-tree/icons/img.tsx": {"path":"/Users/seonginch/Desktop/dashboard/react-file-folder/packages/react-toggle-file-tree/src/toggle-file-tree/icons/img.tsx","statementMap":{"0":{"start":{"line":4,"column":2},"end":{"line":106,"column":4}}},"fnMap":{"0":{"name":"IMGS","decl":{"start":{"line":3,"column":9},"end":{"line":3,"column":13}},"loc":{"start":{"line":3,"column":16},"end":{"line":107,"column":1}},"line":3}},"branchMap":{},"s":{"0":2},"f":{"0":2},"b":{},"_coverageSchema":"1a1c01bbd47fc00a2c39e90264f33305004495a9","hash":"0d00d9247f2a6f43bbba24698fa698b2d8924a59"}
,"/Users/seonginch/Desktop/dashboard/react-file-folder/packages/react-toggle-file-tree/src/toggle-file-tree/icons/imgs.ts": {"path":"/Users/seonginch/Desktop/dashboard/react-file-folder/packages/react-toggle-file-tree/src/toggle-file-tree/icons/imgs.ts","statementMap":{"0":{"start":{"line":23,"column":59},"end":{"line":50,"column":1}}},"fnMap":{},"branchMap":{},"s":{"0":1},"f":{},"b":{},"_coverageSchema":"1a1c01bbd47fc00a2c39e90264f33305004495a9","hash":"7ed65c2d8f75e3d96628f916014208191a862e72"}
,"/Users/seonginch/Desktop/dashboard/react-file-folder/packages/react-toggle-file-tree/src/toggle-file-tree/icons/index.ts": {"path":"/Users/seonginch/Desktop/dashboard/react-file-folder/packages/react-toggle-file-tree/src/toggle-file-tree/icons/index.ts","statementMap":{},"fnMap":{},"branchMap":{},"s":{},"f":{},"b":{},"_coverageSchema":"1a1c01bbd47fc00a2c39e90264f33305004495a9","hash":"c494a6346e6c1879b77c68d89ac00a9fc1b904b3"}
,"/Users/seonginch/Desktop/dashboard/react-file-folder/packages/react-toggle-file-tree/src/toggle-file-tree/icons/js.tsx": {"path":"/Users/seonginch/Desktop/dashboard/react-file-folder/packages/react-toggle-file-tree/src/toggle-file-tree/icons/js.tsx","statementMap":{"0":{"start":{"line":4,"column":2},"end":{"line":114,"column":4}}},"fnMap":{"0":{"name":"JS","decl":{"start":{"line":3,"column":9},"end":{"line":3,"column":11}},"loc":{"start":{"line":3,"column":14},"end":{"line":115,"column":1}},"line":3}},"branchMap":{},"s":{"0":0},"f":{"0":0},"b":{},"_coverageSchema":"1a1c01bbd47fc00a2c39e90264f33305004495a9","hash":"8b9418544ce066a92fc18254a00b96b026826cd4"}
,"/Users/seonginch/Desktop/dashboard/react-file-folder/packages/react-toggle-file-tree/src/toggle-file-tree/icons/json.tsx": {"path":"/Users/seonginch/Desktop/dashboard/react-file-folder/packages/react-toggle-file-tree/src/toggle-file-tree/icons/json.tsx","statementMap":{"0":{"start":{"line":4,"column":2},"end":{"line":392,"column":4}}},"fnMap":{"0":{"name":"JSON","decl":{"start":{"line":3,"column":9},"end":{"line":3,"column":13}},"loc":{"start":{"line":3,"column":16},"end":{"line":393,"column":1}},"line":3}},"branchMap":{},"s":{"0":2},"f":{"0":2},"b":{},"_coverageSchema":"1a1c01bbd47fc00a2c39e90264f33305004495a9","hash":"84c4cc787b48e0e6a7639c8ce3ef5c1d0fd9f9a9"}
,"/Users/seonginch/Desktop/dashboard/react-file-folder/packages/react-toggle-file-tree/src/toggle-file-tree/icons/manifest.tsx": {"path":"/Users/seonginch/Desktop/dashboard/react-file-folder/packages/react-toggle-file-tree/src/toggle-file-tree/icons/manifest.tsx","statementMap":{"0":{"start":{"line":4,"column":2},"end":{"line":195,"column":4}}},"fnMap":{"0":{"name":"MANIFEST","decl":{"start":{"line":3,"column":9},"end":{"line":3,"column":17}},"loc":{"start":{"line":3,"column":20},"end":{"line":196,"column":1}},"line":3}},"branchMap":{},"s":{"0":0},"f":{"0":0},"b":{},"_coverageSchema":"1a1c01bbd47fc00a2c39e90264f33305004495a9","hash":"9136c6e6cf6d4695edf2142dba5be517b7c1e329"}
,"/Users/seonginch/Desktop/dashboard/react-file-folder/packages/react-toggle-file-tree/src/toggle-file-tree/icons/numbers.tsx": {"path":"/Users/seonginch/Desktop/dashboard/react-file-folder/packages/react-toggle-file-tree/src/toggle-file-tree/icons/numbers.tsx","statementMap":{"0":{"start":{"line":4,"column":2},"end":{"line":142,"column":4}}},"fnMap":{"0":{"name":"NUMBERS","decl":{"start":{"line":3,"column":9},"end":{"line":3,"column":16}},"loc":{"start":{"line":3,"column":19},"end":{"line":143,"column":1}},"line":3}},"branchMap":{},"s":{"0":2},"f":{"0":2},"b":{},"_coverageSchema":"1a1c01bbd47fc00a2c39e90264f33305004495a9","hash":"80088cce0691afa24247fa2aabfac3b6fa29ed80"}
,"/Users/seonginch/Desktop/dashboard/react-file-folder/packages/react-toggle-file-tree/src/toggle-file-tree/icons/pdf.tsx": {"path":"/Users/seonginch/Desktop/dashboard/react-file-folder/packages/react-toggle-file-tree/src/toggle-file-tree/icons/pdf.tsx","statementMap":{"0":{"start":{"line":4,"column":2},"end":{"line":30,"column":4}}},"fnMap":{"0":{"name":"PDF","decl":{"start":{"line":3,"column":9},"end":{"line":3,"column":12}},"loc":{"start":{"line":3,"column":15},"end":{"line":31,"column":1}},"line":3}},"branchMap":{},"s":{"0":2},"f":{"0":2},"b":{},"_coverageSchema":"1a1c01bbd47fc00a2c39e90264f33305004495a9","hash":"9abf1b276749f5078c5c7dcd0fe410464cdcf409"}
,"/Users/seonginch/Desktop/dashboard/react-file-folder/packages/react-toggle-file-tree/src/toggle-file-tree/icons/ppt.tsx": {"path":"/Users/seonginch/Desktop/dashboard/react-file-folder/packages/react-toggle-file-tree/src/toggle-file-tree/icons/ppt.tsx","statementMap":{"0":{"start":{"line":4,"column":2},"end":{"line":168,"column":4}}},"fnMap":{"0":{"name":"PPT","decl":{"start":{"line":3,"column":9},"end":{"line":3,"column":12}},"loc":{"start":{"line":3,"column":15},"end":{"line":169,"column":1}},"line":3}},"branchMap":{},"s":{"0":2},"f":{"0":2},"b":{},"_coverageSchema":"1a1c01bbd47fc00a2c39e90264f33305004495a9","hash":"75fcb61979bd5f2f42b60de1773cfc5650f1f24c"}
,"/Users/seonginch/Desktop/dashboard/react-file-folder/packages/react-toggle-file-tree/src/toggle-file-tree/icons/ts.tsx": {"path":"/Users/seonginch/Desktop/dashboard/react-file-folder/packages/react-toggle-file-tree/src/toggle-file-tree/icons/ts.tsx","statementMap":{"0":{"start":{"line":4,"column":2},"end":{"line":30,"column":4}}},"fnMap":{"0":{"name":"TS","decl":{"start":{"line":3,"column":9},"end":{"line":3,"column":11}},"loc":{"start":{"line":3,"column":14},"end":{"line":31,"column":1}},"line":3}},"branchMap":{},"s":{"0":0},"f":{"0":0},"b":{},"_coverageSchema":"1a1c01bbd47fc00a2c39e90264f33305004495a9","hash":"f999d5596684450c6db2400d31944883da439c20"}
,"/Users/seonginch/Desktop/dashboard/react-file-folder/packages/react-toggle-file-tree/src/toggle-file-tree/icons/txt.tsx": {"path":"/Users/seonginch/Desktop/dashboard/react-file-folder/packages/react-toggle-file-tree/src/toggle-file-tree/icons/txt.tsx","statementMap":{"0":{"start":{"line":4,"column":2},"end":{"line":46,"column":4}}},"fnMap":{"0":{"name":"TXT","decl":{"start":{"line":3,"column":9},"end":{"line":3,"column":12}},"loc":{"start":{"line":3,"column":15},"end":{"line":47,"column":1}},"line":3}},"branchMap":{},"s":{"0":2},"f":{"0":2},"b":{},"_coverageSchema":"1a1c01bbd47fc00a2c39e90264f33305004495a9","hash":"d06e13695b1d030d6f7b24a2c1e4992b58573bfa"}
,"/Users/seonginch/Desktop/dashboard/react-file-folder/packages/react-toggle-file-tree/src/toggle-file-tree/icons/unknown.tsx": {"path":"/Users/seonginch/Desktop/dashboard/react-file-folder/packages/react-toggle-file-tree/src/toggle-file-tree/icons/unknown.tsx","statementMap":{"0":{"start":{"line":4,"column":2},"end":{"line":204,"column":4}}},"fnMap":{"0":{"name":"UNKNWON","decl":{"start":{"line":3,"column":9},"end":{"line":3,"column":16}},"loc":{"start":{"line":3,"column":19},"end":{"line":205,"column":1}},"line":3}},"branchMap":{},"s":{"0":0},"f":{"0":0},"b":{},"_coverageSchema":"1a1c01bbd47fc00a2c39e90264f33305004495a9","hash":"a71c2de8306e696047d688296bb84659c21dd9b6"}
,"/Users/seonginch/Desktop/dashboard/react-file-folder/packages/react-toggle-file-tree/src/toggle-file-tree/icons/video.tsx": {"path":"/Users/seonginch/Desktop/dashboard/react-file-folder/packages/react-toggle-file-tree/src/toggle-file-tree/icons/video.tsx","statementMap":{"0":{"start":{"line":4,"column":2},"end":{"line":207,"column":4}}},"fnMap":{"0":{"name":"VIDEO","decl":{"start":{"line":3,"column":9},"end":{"line":3,"column":14}},"loc":{"start":{"line":3,"column":17},"end":{"line":208,"column":1}},"line":3}},"branchMap":{},"s":{"0":0},"f":{"0":0},"b":{},"_coverageSchema":"1a1c01bbd47fc00a2c39e90264f33305004495a9","hash":"3c73508ce5e5ba8743025e58b4a65d487e44b998"}
,"/Users/seonginch/Desktop/dashboard/react-file-folder/packages/react-toggle-file-tree/src/toggle-file-tree/icons/xlsx.tsx": {"path":"/Users/seonginch/Desktop/dashboard/react-file-folder/packages/react-toggle-file-tree/src/toggle-file-tree/icons/xlsx.tsx","statementMap":{"0":{"start":{"line":4,"column":2},"end":{"line":296,"column":4}}},"fnMap":{"0":{"name":"XLSX","decl":{"start":{"line":3,"column":9},"end":{"line":3,"column":13}},"loc":{"start":{"line":3,"column":16},"end":{"line":297,"column":1}},"line":3}},"branchMap":{},"s":{"0":0},"f":{"0":0},"b":{},"_coverageSchema":"1a1c01bbd47fc00a2c39e90264f33305004495a9","hash":"c52e7f1cccb29bc10a06c754a343df40ef775500"}
,"/Users/seonginch/Desktop/dashboard/react-file-folder/packages/react-toggle-file-tree/src/toggle-file-tree/icons/zip.tsx": {"path":"/Users/seonginch/Desktop/dashboard/react-file-folder/packages/react-toggle-file-tree/src/toggle-file-tree/icons/zip.tsx","statementMap":{"0":{"start":{"line":4,"column":2},"end":{"line":458,"column":4}}},"fnMap":{"0":{"name":"ZIP","decl":{"start":{"line":3,"column":9},"end":{"line":3,"column":12}},"loc":{"start":{"line":3,"column":15},"end":{"line":459,"column":1}},"line":3}},"branchMap":{},"s":{"0":2},"f":{"0":2},"b":{},"_coverageSchema":"1a1c01bbd47fc00a2c39e90264f33305004495a9","hash":"b6f65ffc09d2f658b960c43dcfae9891c85d2c5c"}
,"/Users/seonginch/Desktop/dashboard/react-file-folder/packages/react-toggle-file-tree/src/utils/createFileTree.ts": {"path":"/Users/seonginch/Desktop/dashboard/react-file-folder/packages/react-toggle-file-tree/src/utils/createFileTree.ts","statementMap":{"0":{"start":{"line":15,"column":38},"end":{"line":15,"column":51}},"1":{"start":{"line":16,"column":2},"end":{"line":26,"column":3}},"2":{"start":{"line":17,"column":26},"end":{"line":17,"column":67}},"3":{"start":{"line":18,"column":18},"end":{"line":18,"column":34}},"4":{"start":{"line":19,"column":4},"end":{"line":24,"column":5}},"5":{"start":{"line":20,"column":6},"end":{"line":22,"column":7}},"6":{"start":{"line":21,"column":8},"end":{"line":21,"column":38}},"7":{"start":{"line":23,"column":6},"end":{"line":23,"column":43}},"8":{"start":{"line":25,"column":4},"end":{"line":25,"column":29}},"9":{"start":{"line":27,"column":2},"end":{"line":27,"column":26}},"10":{"start":{"line":45,"column":2},"end":{"line":51,"column":5}},"11":{"start":{"line":46,"column":4},"end":{"line":50,"column":6}}},"fnMap":{"0":{"name":"createFileTree","decl":{"start":{"line":14,"column":24},"end":{"line":14,"column":38}},"loc":{"start":{"line":14,"column":64},"end":{"line":28,"column":1}},"line":14},"1":{"name":"updateFileList","decl":{"start":{"line":40,"column":16},"end":{"line":40,"column":30}},"loc":{"start":{"line":44,"column":24},"end":{"line":52,"column":1}},"line":44},"2":{"name":"(anonymous_2)","decl":{"start":{"line":45,"column":18},"end":{"line":45,"column":19}},"loc":{"start":{"line":45,"column":28},"end":{"line":51,"column":3}},"line":45}},"branchMap":{"0":{"loc":{"start":{"line":20,"column":6},"end":{"line":22,"column":7}},"type":"if","locations":[{"start":{"line":20,"column":6},"end":{"line":22,"column":7}},{"start":{},"end":{}}],"line":20}},"s":{"0":3,"1":3,"2":22,"3":22,"4":22,"5":36,"6":21,"7":36,"8":22,"9":3,"10":1,"11":3},"f":{"0":3,"1":1,"2":3},"b":{"0":[21,15]},"_coverageSchema":"1a1c01bbd47fc00a2c39e90264f33305004495a9","hash":"2d545b06cb22eb7f061d1e51f5856ac9e34308c8"}
,"/Users/seonginch/Desktop/dashboard/react-file-folder/packages/react-toggle-list/src/index.ts": {"path":"/Users/seonginch/Desktop/dashboard/react-file-folder/packages/react-toggle-list/src/index.ts","statementMap":{},"fnMap":{},"branchMap":{},"s":{},"f":{},"b":{},"_coverageSchema":"1a1c01bbd47fc00a2c39e90264f33305004495a9","hash":"1ebc15a99dac0f3ff07397e060266ed947ddc922"}
,"/Users/seonginch/Desktop/dashboard/react-file-folder/packages/react-toggle-list/src/react-toggle-list/ArrowDown.tsx": {"path":"/Users/seonginch/Desktop/dashboard/react-file-folder/packages/react-toggle-list/src/react-toggle-list/ArrowDown.tsx","statementMap":{"0":{"start":{"line":9,"column":2},"end":{"line":11,"column":4}},"1":{"start":{"line":14,"column":0},"end":{"line":14,"column":36}}},"fnMap":{"0":{"name":"ArrowDown","decl":{"start":{"line":8,"column":24},"end":{"line":8,"column":33}},"loc":{"start":{"line":8,"column":49},"end":{"line":12,"column":1}},"line":8}},"branchMap":{},"s":{"0":1,"1":1},"f":{"0":1},"b":{},"_coverageSchema":"1a1c01bbd47fc00a2c39e90264f33305004495a9","hash":"7a7b4630a7010e2ab412a82e34f491a625fd87a1"}
,"/Users/seonginch/Desktop/dashboard/react-file-folder/packages/react-toggle-list/src/react-toggle-list/ArrowRight.tsx": {"path":"/Users/seonginch/Desktop/dashboard/react-file-folder/packages/react-toggle-list/src/react-toggle-list/ArrowRight.tsx","statementMap":{"0":{"start":{"line":9,"column":2},"end":{"line":11,"column":4}},"1":{"start":{"line":14,"column":0},"end":{"line":14,"column":38}}},"fnMap":{"0":{"name":"ArrowRight","decl":{"start":{"line":8,"column":24},"end":{"line":8,"column":34}},"loc":{"start":{"line":8,"column":50},"end":{"line":12,"column":1}},"line":8}},"branchMap":{},"s":{"0":5,"1":1},"f":{"0":5},"b":{},"_coverageSchema":"1a1c01bbd47fc00a2c39e90264f33305004495a9","hash":"2fbf2bb584cc2aab51e229d57ea3aa3eb8c319ec"}
,"/Users/seonginch/Desktop/dashboard/react-file-folder/packages/react-toggle-list/src/react-toggle-list/index.tsx": {"path":"/Users/seonginch/Desktop/dashboard/react-file-folder/packages/react-toggle-list/src/react-toggle-list/index.tsx","statementMap":{"0":{"start":{"line":25,"column":26},"end":{"line":25,"column":50}},"1":{"start":{"line":26,"column":2},"end":{"line":49,"column":4}},"2":{"start":{"line":31,"column":23},"end":{"line":31,"column":37}},"3":{"start":{"line":41,"column":14},"end":{"line":43,"column":20}},"4":{"start":{"line":52,"column":0},"end":{"line":52,"column":38}}},"fnMap":{"0":{"name":"ToggleList","decl":{"start":{"line":20,"column":24},"end":{"line":20,"column":34}},"loc":{"start":{"line":24,"column":33},"end":{"line":50,"column":1}},"line":24},"1":{"name":"(anonymous_1)","decl":{"start":{"line":31,"column":17},"end":{"line":31,"column":18}},"loc":{"start":{"line":31,"column":23},"end":{"line":31,"column":37}},"line":31},"2":{"name":"(anonymous_2)","decl":{"start":{"line":40,"column":32},"end":{"line":40,"column":33}},"loc":{"start":{"line":41,"column":14},"end":{"line":43,"column":20}},"line":41}},"branchMap":{"0":{"loc":{"start":{"line":22,"column":2},"end":{"line":22,"column":27}},"type":"default-arg","locations":[{"start":{"line":22,"column":14},"end":{"line":22,"column":27}}],"line":22},"1":{"loc":{"start":{"line":23,"column":2},"end":{"line":23,"column":29}},"type":"default-arg","locations":[{"start":{"line":23,"column":15},"end":{"line":23,"column":29}}],"line":23},"2":{"loc":{"start":{"line":33,"column":30},"end":{"line":33,"column":59}},"type":"cond-expr","locations":[{"start":{"line":33,"column":37},"end":{"line":33,"column":46}},{"start":{"line":33,"column":49},"end":{"line":33,"column":59}}],"line":33},"3":{"loc":{"start":{"line":36,"column":7},"end":{"line":47,"column":7}},"type":"binary-expr","locations":[{"start":{"line":36,"column":7},"end":{"line":36,"column":11}},{"start":{"line":37,"column":8},"end":{"line":46,"column":14}}],"line":36}},"s":{"0":6,"1":6,"2":2,"3":2,"4":1},"f":{"0":6,"1":2,"2":2},"b":{"0":[6],"1":[6],"2":[1,5],"3":[6,1]},"_coverageSchema":"1a1c01bbd47fc00a2c39e90264f33305004495a9","hash":"51d41beafdf604a727e54ea883785114eb0b23b4"}
}
