TN:
SF:packages/react-toggle-file-tree/src/index.ts
FNF:0
FNH:0
LF:0
LH:0
BRF:0
BRH:0
end_of_record
TN:
SF:packages/react-toggle-file-tree/src/__test__/mock/index.ts
FNF:0
FNH:0
DA:1,1
LF:1
LH:1
BRF:0
BRH:0
end_of_record
TN:
SF:packages/react-toggle-file-tree/src/toggle-file-tree/index.css.ts
FNF:0
FNH:0
DA:3,1
DA:9,1
DA:13,1
DA:26,1
DA:51,1
DA:57,1
DA:67,1
LF:7
LH:7
BRF:0
BRH:0
end_of_record
TN:
SF:packages/react-toggle-file-tree/src/toggle-file-tree/index.tsx
FN:19,renderIcon
FN:26,renderFileList
FN:31,(anonymous_2)
FN:37,(anonymous_3)
FN:47,(anonymous_4)
FN:73,(anonymous_5)
FN:96,(anonymous_6)
FNF:7
FNH:5
FNDA:18,renderIcon
FNDA:16,renderFileList
FNDA:30,(anonymous_2)
FNDA:18,(anonymous_3)
FNDA:0,(anonymous_4)
FNDA:0,(anonymous_5)
FNDA:2,(anonymous_6)
DA:20,18
DA:21,18
DA:31,16
DA:32,30
DA:33,30
DA:34,16
DA:35,16
DA:38,18
DA:47,0
DA:62,14
DA:73,0
DA:96,1
DA:101,2
DA:109,1
LF:14
LH:12
BRDA:21,0,0,18
BRDA:21,0,1,0
BRDA:33,1,0,16
BRDA:33,1,1,14
BRDA:49,2,0,18
BRDA:49,2,1,0
BRF:6
BRH:4
end_of_record
TN:
SF:packages/react-toggle-file-tree/src/toggle-file-tree/icons/arrow-down.tsx
FN:8,ArrowDown
FNF:1
FNH:1
FNDA:14,ArrowDown
DA:9,14
DA:12,1
LF:2
LH:2
BRF:0
BRH:0
end_of_record
TN:
SF:packages/react-toggle-file-tree/src/toggle-file-tree/icons/arrow-right.tsx
FN:8,ArrowRight
FNF:1
FNH:1
FNDA:14,ArrowRight
DA:9,14
DA:12,1
LF:2
LH:2
BRF:0
BRH:0
end_of_record
TN:
SF:packages/react-toggle-file-tree/src/toggle-file-tree/icons/css.tsx
FN:3,CSS
FNF:1
FNH:0
FNDA:0,CSS
DA:4,0
LF:1
LH:0
BRF:0
BRH:0
end_of_record
TN:
SF:packages/react-toggle-file-tree/src/toggle-file-tree/icons/csv.tsx
FN:3,CSV
FNF:1
FNH:1
FNDA:2,CSV
DA:4,2
LF:1
LH:1
BRF:0
BRH:0
end_of_record
TN:
SF:packages/react-toggle-file-tree/src/toggle-file-tree/icons/docs.tsx
FN:3,DOCS
FNF:1
FNH:1
FNDA:2,DOCS
DA:4,2
LF:1
LH:1
BRF:0
BRH:0
end_of_record
TN:
SF:packages/react-toggle-file-tree/src/toggle-file-tree/icons/gif.tsx
FN:3,GIF
FNF:1
FNH:0
FNDA:0,GIF
DA:4,0
LF:1
LH:0
BRF:0
BRH:0
end_of_record
TN:
SF:packages/react-toggle-file-tree/src/toggle-file-tree/icons/html.tsx
FN:3,HTML
FNF:1
FNH:0
FNDA:0,HTML
DA:4,0
LF:1
LH:0
BRF:0
BRH:0
end_of_record
TN:
SF:packages/react-toggle-file-tree/src/toggle-file-tree/icons/img.tsx
FN:3,IMGS
FNF:1
FNH:1
FNDA:2,IMGS
DA:4,2
LF:1
LH:1
BRF:0
BRH:0
end_of_record
TN:
SF:packages/react-toggle-file-tree/src/toggle-file-tree/icons/imgs.ts
FNF:0
FNH:0
DA:23,1
LF:1
LH:1
BRF:0
BRH:0
end_of_record
TN:
SF:packages/react-toggle-file-tree/src/toggle-file-tree/icons/index.ts
FNF:0
FNH:0
LF:0
LH:0
BRF:0
BRH:0
end_of_record
TN:
SF:packages/react-toggle-file-tree/src/toggle-file-tree/icons/js.tsx
FN:3,JS
FNF:1
FNH:0
FNDA:0,JS
DA:4,0
LF:1
LH:0
BRF:0
BRH:0
end_of_record
TN:
SF:packages/react-toggle-file-tree/src/toggle-file-tree/icons/json.tsx
FN:3,JSON
FNF:1
FNH:1
FNDA:2,JSON
DA:4,2
LF:1
LH:1
BRF:0
BRH:0
end_of_record
TN:
SF:packages/react-toggle-file-tree/src/toggle-file-tree/icons/manifest.tsx
FN:3,MANIFEST
FNF:1
FNH:0
FNDA:0,MANIFEST
DA:4,0
LF:1
LH:0
BRF:0
BRH:0
end_of_record
TN:
SF:packages/react-toggle-file-tree/src/toggle-file-tree/icons/numbers.tsx
FN:3,NUMBERS
FNF:1
FNH:1
FNDA:2,NUMBERS
DA:4,2
LF:1
LH:1
BRF:0
BRH:0
end_of_record
TN:
SF:packages/react-toggle-file-tree/src/toggle-file-tree/icons/pdf.tsx
FN:3,PDF
FNF:1
FNH:1
FNDA:2,PDF
DA:4,2
LF:1
LH:1
BRF:0
BRH:0
end_of_record
TN:
SF:packages/react-toggle-file-tree/src/toggle-file-tree/icons/ppt.tsx
FN:3,PPT
FNF:1
FNH:1
FNDA:2,PPT
DA:4,2
LF:1
LH:1
BRF:0
BRH:0
end_of_record
TN:
SF:packages/react-toggle-file-tree/src/toggle-file-tree/icons/ts.tsx
FN:3,TS
FNF:1
FNH:0
FNDA:0,TS
DA:4,0
LF:1
LH:0
BRF:0
BRH:0
end_of_record
TN:
SF:packages/react-toggle-file-tree/src/toggle-file-tree/icons/txt.tsx
FN:3,TXT
FNF:1
FNH:1
FNDA:2,TXT
DA:4,2
LF:1
LH:1
BRF:0
BRH:0
end_of_record
TN:
SF:packages/react-toggle-file-tree/src/toggle-file-tree/icons/unknown.tsx
FN:3,UNKNWON
FNF:1
FNH:0
FNDA:0,UNKNWON
DA:4,0
LF:1
LH:0
BRF:0
BRH:0
end_of_record
TN:
SF:packages/react-toggle-file-tree/src/toggle-file-tree/icons/video.tsx
FN:3,VIDEO
FNF:1
FNH:0
FNDA:0,VIDEO
DA:4,0
LF:1
LH:0
BRF:0
BRH:0
end_of_record
TN:
SF:packages/react-toggle-file-tree/src/toggle-file-tree/icons/xlsx.tsx
FN:3,XLSX
FNF:1
FNH:0
FNDA:0,XLSX
DA:4,0
LF:1
LH:0
BRF:0
BRH:0
end_of_record
TN:
SF:packages/react-toggle-file-tree/src/toggle-file-tree/icons/zip.tsx
FN:3,ZIP
FNF:1
FNH:1
FNDA:2,ZIP
DA:4,2
LF:1
LH:1
BRF:0
BRH:0
end_of_record
TN:
SF:packages/react-toggle-file-tree/src/utils/createFileTree.ts
FN:14,createFileTree
FN:40,updateFileList
FN:45,(anonymous_2)
FNF:3
FNH:3
FNDA:3,createFileTree
FNDA:1,updateFileList
FNDA:3,(anonymous_2)
DA:15,3
DA:16,3
DA:17,22
DA:18,22
DA:19,22
DA:20,36
DA:21,21
DA:23,36
DA:25,22
DA:27,3
DA:45,1
DA:46,3
LF:12
LH:12
BRDA:20,0,0,21
BRDA:20,0,1,15
BRF:2
BRH:2
end_of_record
TN:
SF:packages/react-toggle-list/src/index.ts
FNF:0
FNH:0
LF:0
LH:0
BRF:0
BRH:0
end_of_record
TN:
SF:packages/react-toggle-list/src/react-toggle-list/ArrowDown.tsx
FN:8,ArrowDown
FNF:1
FNH:1
FNDA:1,ArrowDown
DA:9,1
DA:14,1
LF:2
LH:2
BRF:0
BRH:0
end_of_record
TN:
SF:packages/react-toggle-list/src/react-toggle-list/ArrowRight.tsx
FN:8,ArrowRight
FNF:1
FNH:1
FNDA:5,ArrowRight
DA:9,5
DA:14,1
LF:2
LH:2
BRF:0
BRH:0
end_of_record
TN:
SF:packages/react-toggle-list/src/react-toggle-list/index.tsx
FN:20,ToggleList
FN:31,(anonymous_1)
FN:40,(anonymous_2)
FNF:3
FNH:3
FNDA:6,ToggleList
FNDA:2,(anonymous_1)
FNDA:2,(anonymous_2)
DA:25,6
DA:26,6
DA:31,2
DA:41,2
DA:52,1
LF:5
LH:5
BRDA:22,0,0,6
BRDA:23,1,0,6
BRDA:33,2,0,1
BRDA:33,2,1,5
BRDA:36,3,0,6
BRDA:36,3,1,1
BRF:6
BRH:6
end_of_record
